[debug] [2021-08-16T14:39:45.030Z] ----------------------------------------------------------------------
[debug] [2021-08-16T14:39:45.032Z] Command:       D:\Program Files\nodejs\node.exe C:\Users\kevin\AppData\Roaming\npm\node_modules\firebase-tools\lib\bin\firebase.js init
[debug] [2021-08-16T14:39:45.033Z] CLI Version:   9.16.2
[debug] [2021-08-16T14:39:45.033Z] Platform:      win32
[debug] [2021-08-16T14:39:45.033Z] Node Version:  v14.15.4
[debug] [2021-08-16T14:39:45.062Z] Time:          Mon Aug 16 2021 22:39:45 GMT+0800 (China Standard Time)
[debug] [2021-08-16T14:39:45.062Z] ----------------------------------------------------------------------
[debug] 
[debug] [2021-08-16T14:39:45.071Z] >>> [apiv2][query] GET https://firebase-public.firebaseio.com/cli.json [none]
[debug] [2021-08-16T14:39:45.107Z] > command requires scopes: ["email","openid","https://www.googleapis.com/auth/cloudplatformprojects.readonly","https://www.googleapis.com/auth/firebase","https://www.googleapis.com/auth/cloud-platform"]
[debug] [2021-08-16T14:39:45.107Z] > authorizing via signed-in user (kevinmallari62@gmail.com)
[info] 
     ######## #### ########  ######## ########     ###     ######  ########
     ##        ##  ##     ## ##       ##     ##  ##   ##  ##       ##
     ######    ##  ########  ######   ########  #########  ######  ######
     ##        ##  ##    ##  ##       ##     ## ##     ##       ## ##
     ##       #### ##     ## ######## ########  ##     ##  ######  ########

You're about to initialize a Firebase project in this directory:

  D:\OneDrive - ateneo.edu\Coding\React\pomodoro-timer

[debug] [2021-08-16T14:39:46.456Z] <<< [apiv2][status] GET https://firebase-public.firebaseio.com/cli.json 200
[debug] [2021-08-16T14:39:46.457Z] <<< [apiv2][body] GET https://firebase-public.firebaseio.com/cli.json {"cloudBuildErrorAfter":1594252800000,"cloudBuildWarnAfter":1590019200000,"defaultNode10After":1594252800000,"minVersion":"3.0.5","node8DeploysDisabledAfter":1613390400000,"node8RuntimeDisabledAfter":1615809600000,"node8WarnAfter":1600128000000}
[info] 
=== Project Setup
[info] 
[info] First, let's associate this project directory with a Firebase project.
[info] You can create multiple project aliases by running firebase use --add, 
[info] but for now we'll just set up a default project.
[info] 
[info] i  If you want to create a project in a Google Cloud organization or folder, please use "firebase projects:create" instead, and return to this command when you've created the project. 
[debug] [2021-08-16T14:40:05.775Z] > refreshing access token with scopes: ["email","https://www.googleapis.com/auth/cloud-platform","https://www.googleapis.com/auth/cloudplatformprojects.readonly","https://www.googleapis.com/auth/firebase","openid"]
[debug] [2021-08-16T14:40:05.775Z] >>> HTTP REQUEST POST https://www.googleapis.com/oauth2/v3/token  
 <request body omitted>
[debug] [2021-08-16T14:40:06.060Z] <<< HTTP RESPONSE 200 {"expires":"Mon, 01 Jan 1990 00:00:00 GMT","date":"Mon, 16 Aug 2021 14:40:06 GMT","cache-control":"no-cache, no-store, max-age=0, must-revalidate","pragma":"no-cache","content-type":"application/json; charset=utf-8","vary":"X-Origin, Referer, Origin,Accept-Encoding","server":"scaffolding on HTTPServer2","x-xss-protection":"0","x-frame-options":"SAMEORIGIN","x-content-type-options":"nosniff","alt-svc":"h3=\":443\"; ma=2592000,h3-29=\":443\"; ma=2592000,h3-T051=\":443\"; ma=2592000,h3-Q050=\":443\"; ma=2592000,h3-Q046=\":443\"; ma=2592000,h3-Q043=\":443\"; ma=2592000,quic=\":443\"; ma=2592000; v=\"46,43\"","accept-ranges":"none","transfer-encoding":"chunked"}
[debug] [2021-08-16T14:40:06.073Z] >>> HTTP REQUEST POST https://cloudresourcemanager.googleapis.com/v1/projects  
 {"projectId":"pomodoro-timer-081621","name":"Pomodoro Timer"}
[debug] [2021-08-16T14:40:07.465Z] <<< HTTP RESPONSE 200 {"content-type":"application/json; charset=UTF-8","vary":"X-Origin, Referer, Origin,Accept-Encoding","date":"Mon, 16 Aug 2021 14:40:07 GMT","server":"ESF","cache-control":"private","x-xss-protection":"0","x-frame-options":"SAMEORIGIN","x-content-type-options":"nosniff","server-timing":"gfet4t7; dur=1190","alt-svc":"h3=\":443\"; ma=2592000,h3-29=\":443\"; ma=2592000,h3-T051=\":443\"; ma=2592000,h3-Q050=\":443\"; ma=2592000,h3-Q046=\":443\"; ma=2592000,h3-Q043=\":443\"; ma=2592000,quic=\":443\"; ma=2592000; v=\"46,43\"","accept-ranges":"none","transfer-encoding":"chunked"}
[debug] [2021-08-16T14:40:07.467Z] > refreshing access token with scopes: []
[debug] [2021-08-16T14:40:07.467Z] >>> HTTP REQUEST POST https://www.googleapis.com/oauth2/v3/token  
 <request body omitted>
[debug] [2021-08-16T14:40:07.608Z] <<< HTTP RESPONSE 200 {"date":"Mon, 16 Aug 2021 14:40:07 GMT","expires":"Mon, 01 Jan 1990 00:00:00 GMT","cache-control":"no-cache, no-store, max-age=0, must-revalidate","pragma":"no-cache","content-type":"application/json; charset=utf-8","vary":"X-Origin, Referer, Origin,Accept-Encoding","server":"scaffolding on HTTPServer2","x-xss-protection":"0","x-frame-options":"SAMEORIGIN","x-content-type-options":"nosniff","alt-svc":"h3=\":443\"; ma=2592000,h3-29=\":443\"; ma=2592000,h3-T051=\":443\"; ma=2592000,h3-Q050=\":443\"; ma=2592000,h3-Q046=\":443\"; ma=2592000,h3-Q043=\":443\"; ma=2592000,quic=\":443\"; ma=2592000; v=\"46,43\"","accept-ranges":"none","transfer-encoding":"chunked"}
[debug] [2021-08-16T14:40:07.620Z] >>> [apiv2][query] GET https://cloudresourcemanager.googleapis.com/v1/operations/cp.8612957791840698375 [none]
[debug] [2021-08-16T14:40:08.773Z] <<< [apiv2][status] GET https://cloudresourcemanager.googleapis.com/v1/operations/cp.8612957791840698375 200
[debug] [2021-08-16T14:40:08.773Z] <<< [apiv2][body] GET https://cloudresourcemanager.googleapis.com/v1/operations/cp.8612957791840698375 {"name":"operations/cp.8612957791840698375"}
[debug] [2021-08-16T14:40:09.287Z] [Project Creation Poller] Retrying task index 0
[debug] [2021-08-16T14:40:09.288Z] >>> [apiv2][query] GET https://cloudresourcemanager.googleapis.com/v1/operations/cp.8612957791840698375 [none]
[debug] [2021-08-16T14:40:10.423Z] <<< [apiv2][status] GET https://cloudresourcemanager.googleapis.com/v1/operations/cp.8612957791840698375 200
[debug] [2021-08-16T14:40:10.423Z] <<< [apiv2][body] GET https://cloudresourcemanager.googleapis.com/v1/operations/cp.8612957791840698375 {"name":"operations/cp.8612957791840698375","metadata":{"@type":"type.googleapis.com/google.cloudresourcemanager.v1.ProjectCreationStatus","gettable":true}}
[debug] [2021-08-16T14:40:11.433Z] [Project Creation Poller] Retrying task index 0
[debug] [2021-08-16T14:40:11.434Z] >>> [apiv2][query] GET https://cloudresourcemanager.googleapis.com/v1/operations/cp.8612957791840698375 [none]
[debug] [2021-08-16T14:40:12.549Z] <<< [apiv2][status] GET https://cloudresourcemanager.googleapis.com/v1/operations/cp.8612957791840698375 200
[debug] [2021-08-16T14:40:12.549Z] <<< [apiv2][body] GET https://cloudresourcemanager.googleapis.com/v1/operations/cp.8612957791840698375 {"name":"operations/cp.8612957791840698375","metadata":{"@type":"type.googleapis.com/google.cloudresourcemanager.v1.ProjectCreationStatus","gettable":true,"ready":true},"done":true,"response":{"@type":"type.googleapis.com/google.cloudresourcemanager.v1.Project","projectNumber":"235471217328","projectId":"pomodoro-timer-081621","lifecycleState":"ACTIVE","name":"Pomodoro Timer","createTime":"2021-08-16T14:40:07.078Z"}}
[debug] [2021-08-16T14:40:12.552Z] > refreshing access token with scopes: ["email","https://www.googleapis.com/auth/cloud-platform","https://www.googleapis.com/auth/cloudplatformprojects.readonly","https://www.googleapis.com/auth/firebase","openid"]
[debug] [2021-08-16T14:40:12.552Z] >>> HTTP REQUEST POST https://www.googleapis.com/oauth2/v3/token  
 <request body omitted>
[debug] [2021-08-16T14:40:12.709Z] <<< HTTP RESPONSE 200 {"pragma":"no-cache","cache-control":"no-cache, no-store, max-age=0, must-revalidate","date":"Mon, 16 Aug 2021 14:40:12 GMT","expires":"Mon, 01 Jan 1990 00:00:00 GMT","content-type":"application/json; charset=utf-8","vary":"X-Origin, Referer, Origin,Accept-Encoding","server":"scaffolding on HTTPServer2","x-xss-protection":"0","x-frame-options":"SAMEORIGIN","x-content-type-options":"nosniff","alt-svc":"h3=\":443\"; ma=2592000,h3-29=\":443\"; ma=2592000,h3-T051=\":443\"; ma=2592000,h3-Q050=\":443\"; ma=2592000,h3-Q046=\":443\"; ma=2592000,h3-Q043=\":443\"; ma=2592000,quic=\":443\"; ma=2592000; v=\"46,43\"","accept-ranges":"none","transfer-encoding":"chunked"}
[debug] [2021-08-16T14:40:12.721Z] >>> HTTP REQUEST POST https://firebase.googleapis.com/v1beta1/projects/pomodoro-timer-081621:addFirebase  
 
[debug] [2021-08-16T14:40:16.505Z] <<< HTTP RESPONSE 200 {"content-type":"application/json; charset=UTF-8","vary":"X-Origin, Referer, Origin,Accept-Encoding","date":"Mon, 16 Aug 2021 14:40:16 GMT","server":"ESF","cache-control":"private","x-xss-protection":"0","x-frame-options":"SAMEORIGIN","x-content-type-options":"nosniff","alt-svc":"h3=\":443\"; ma=2592000,h3-29=\":443\"; ma=2592000,h3-T051=\":443\"; ma=2592000,h3-Q050=\":443\"; ma=2592000,h3-Q046=\":443\"; ma=2592000,h3-Q043=\":443\"; ma=2592000,quic=\":443\"; ma=2592000; v=\"46,43\"","accept-ranges":"none","transfer-encoding":"chunked"}
[debug] [2021-08-16T14:40:16.506Z] > refreshing access token with scopes: []
[debug] [2021-08-16T14:40:16.506Z] >>> HTTP REQUEST POST https://www.googleapis.com/oauth2/v3/token  
 <request body omitted>
[debug] [2021-08-16T14:40:16.672Z] <<< HTTP RESPONSE 200 {"expires":"Mon, 01 Jan 1990 00:00:00 GMT","pragma":"no-cache","cache-control":"no-cache, no-store, max-age=0, must-revalidate","date":"Mon, 16 Aug 2021 14:40:16 GMT","content-type":"application/json; charset=utf-8","vary":"X-Origin, Referer, Origin,Accept-Encoding","server":"scaffolding on HTTPServer2","x-xss-protection":"0","x-frame-options":"SAMEORIGIN","x-content-type-options":"nosniff","alt-svc":"h3=\":443\"; ma=2592000,h3-29=\":443\"; ma=2592000,h3-T051=\":443\"; ma=2592000,h3-Q050=\":443\"; ma=2592000,h3-Q046=\":443\"; ma=2592000,h3-Q043=\":443\"; ma=2592000,quic=\":443\"; ma=2592000; v=\"46,43\"","accept-ranges":"none","transfer-encoding":"chunked"}
[debug] [2021-08-16T14:40:16.684Z] >>> [apiv2][query] GET https://firebase.googleapis.com/v1beta1/operations/workflows/YTgxMDIyOWMtNTE5Ni00MzdkLWI2Y2UtZGI5ZmM5MzEwZTg5 [none]
[debug] [2021-08-16T14:40:18.198Z] <<< [apiv2][status] GET https://firebase.googleapis.com/v1beta1/operations/workflows/YTgxMDIyOWMtNTE5Ni00MzdkLWI2Y2UtZGI5ZmM5MzEwZTg5 200
[debug] [2021-08-16T14:40:18.198Z] <<< [apiv2][body] GET https://firebase.googleapis.com/v1beta1/operations/workflows/YTgxMDIyOWMtNTE5Ni00MzdkLWI2Y2UtZGI5ZmM5MzEwZTg5 {"name":"operations/workflows/YTgxMDIyOWMtNTE5Ni00MzdkLWI2Y2UtZGI5ZmM5MzEwZTg5"}
[debug] [2021-08-16T14:40:18.706Z] [Add Firebase Poller] Retrying task index 0
[debug] [2021-08-16T14:40:18.707Z] >>> [apiv2][query] GET https://firebase.googleapis.com/v1beta1/operations/workflows/YTgxMDIyOWMtNTE5Ni00MzdkLWI2Y2UtZGI5ZmM5MzEwZTg5 [none]
[debug] [2021-08-16T14:40:20.002Z] <<< [apiv2][status] GET https://firebase.googleapis.com/v1beta1/operations/workflows/YTgxMDIyOWMtNTE5Ni00MzdkLWI2Y2UtZGI5ZmM5MzEwZTg5 200
[debug] [2021-08-16T14:40:20.002Z] <<< [apiv2][body] GET https://firebase.googleapis.com/v1beta1/operations/workflows/YTgxMDIyOWMtNTE5Ni00MzdkLWI2Y2UtZGI5ZmM5MzEwZTg5 {"name":"operations/workflows/YTgxMDIyOWMtNTE5Ni00MzdkLWI2Y2UtZGI5ZmM5MzEwZTg5"}
